#
# There is insufficient memory for the Java Runtime Environment to continue.
# Native memory allocation (malloc) failed to allocate 2672976 bytes for Chunk::new
# Possible reasons:
#   The system is out of physical RAM or swap space
#   The process is running with CompressedOops enabled, and the Java Heap may be blocking the growth of the native heap
# Possible solutions:
#   Reduce memory load on the system
#   Increase physical memory or swap space
#   Check if swap backing store is full
#   Decrease Java heap size (-Xmx/-Xms)
#   Decrease number of Java threads
#   Decrease Java thread stack sizes (-Xss)
#   Set larger code cache with -XX:ReservedCodeCacheSize=
#   JVM is running with Unscaled Compressed Oops mode in which the Java heap is
#     placed in the first 4GB address space. The Java Heap base address is the
#     maximum limit for the native heap growth. Please use -XX:HeapBaseMinAddress
#     to set the Java Heap base and to place the Java Heap above 4GB virtual address.
# This output file may be truncated or incomplete.
#
#  Out of Memory Error (arena.cpp:189), pid=4356, tid=14180
#
# JRE version: OpenJDK Runtime Environment Temurin-17.0.7+7 (17.0.7+7) (build 17.0.7+7)
# Java VM: OpenJDK 64-Bit Server VM Temurin-17.0.7+7 (17.0.7+7, mixed mode, tiered, compressed oops, compressed class ptrs, parallel gc, windows-amd64)
# No core dump will be written. Minidumps are not enabled by default on client versions of Windows
#

---------------  S U M M A R Y ------------

Command Line: --add-modules=ALL-SYSTEM --add-opens=java.base/java.util=ALL-UNNAMED --add-opens=java.base/java.lang=ALL-UNNAMED --add-opens=java.base/sun.nio.fs=ALL-UNNAMED -Declipse.application=org.eclipse.jdt.ls.core.id1 -Dosgi.bundles.defaultStartLevel=4 -Declipse.product=org.eclipse.jdt.ls.core.product -Djava.import.generatesMetadataFilesAtProjectRoot=false -Dfile.encoding=utf8 -Xlog:disable -XX:+UseParallelGC -XX:GCTimeRatio=4 -XX:AdaptiveSizePolicyWeight=90 -Dsun.zip.disableMemoryMapping=true -Xmx1G -Xms100m -javaagent:c:\Users\HP\.vscode\extensions\redhat.java-1.21.0-win32-x64\lombok\lombok-1.18.28.jar -XX:+HeapDumpOnOutOfMemoryError -XX:HeapDumpPath=c:\Users\HP\AppData\Roaming\Code\User\workspaceStorage\e7d6771217760dc5d5ebb1ae0e193b46\redhat.java -Daether.dependencyCollector.impl=bf c:\Users\HP\.vscode\extensions\redhat.java-1.21.0-win32-x64\server\plugins\org.eclipse.equinox.launcher_1.6.500.v20230717-2134.jar -configuration c:\Users\HP\AppData\Roaming\Code\User\globalStorage\redhat.java\1.21.0\config_win -data c:\Users\HP\AppData\Roaming\Code\User\workspaceStorage\e7d6771217760dc5d5ebb1ae0e193b46\redhat.java\jdt_ws

Host: Intel(R) Core(TM) i5-6300U CPU @ 2.40GHz, 4 cores, 15G,  Windows 10 , 64 bit Build 19041 (10.0.19041.3155)
Time: Wed Aug  9 16:40:47 2023 SE Asia Standard Time elapsed time: 10.319944 seconds (0d 0h 0m 10s)

---------------  T H R E A D  ---------------

Current thread (0x000001257f097610):  JavaThread "C2 CompilerThread0" daemon [_thread_in_native, id=14180, stack(0x0000001c79d00000,0x0000001c79e00000)]


Current CompileTask:
C2:  10320 2975       4       org.objectweb.asm.ClassReader::readMethod (1066 bytes)

Stack: [0x0000001c79d00000,0x0000001c79e00000]
Native frames: (J=compiled Java code, j=interpreted, Vv=VM code, C=native code)
V  [jvm.dll+0x67754a]
V  [jvm.dll+0x834304]
V  [jvm.dll+0x835aae]
V  [jvm.dll+0x836113]
V  [jvm.dll+0x24696f]
V  [jvm.dll+0xac0ac]
V  [jvm.dll+0xac67c]
V  [jvm.dll+0x364de2]
V  [jvm.dll+0x1bcde8]
V  [jvm.dll+0x219799]
V  [jvm.dll+0x218a61]
V  [jvm.dll+0x1a4d8d]
V  [jvm.dll+0x2284da]
V  [jvm.dll+0x226615]
V  [jvm.dll+0x7ea90b]
V  [jvm.dll+0x7e4e7a]
V  [jvm.dll+0x676395]
C  [ucrtbase.dll+0x21bb2]
C  [KERNEL32.DLL+0x17614]
C  [ntdll.dll+0x526b1]


---------------  P R O C E S S  ---------------

Threads class SMR info:
_java_thread_list=0x0000012519b8cfb0, length=22, elements={
0x000001257ee08100, 0x000001257f06a740, 0x000001257f06bee0, 0x000001257f092150,
0x000001257f092ed0, 0x000001257f093c50, 0x000001257f096a20, 0x000001257f097610,
0x000001257f0cea60, 0x0000012518ceed60, 0x000001257eec6580, 0x0000012518f64020,
0x0000012519604fa0, 0x00000125195c5030, 0x0000012519730b10, 0x00000125196d15e0,
0x00000125196d5990, 0x0000012519c4e890, 0x00000125194ecc90, 0x00000125194ed160,
0x0000012519283180, 0x00000125194eb950
}

Java Threads: ( => current thread )
  0x000001257ee08100 JavaThread "main" [_thread_blocked, id=8228, stack(0x0000001c79400000,0x0000001c79500000)]
  0x000001257f06a740 JavaThread "Reference Handler" daemon [_thread_blocked, id=17896, stack(0x0000001c79700000,0x0000001c79800000)]
  0x000001257f06bee0 JavaThread "Finalizer" daemon [_thread_blocked, id=8636, stack(0x0000001c79800000,0x0000001c79900000)]
  0x000001257f092150 JavaThread "Signal Dispatcher" daemon [_thread_blocked, id=19752, stack(0x0000001c79900000,0x0000001c79a00000)]
  0x000001257f092ed0 JavaThread "Attach Listener" daemon [_thread_blocked, id=1936, stack(0x0000001c79a00000,0x0000001c79b00000)]
  0x000001257f093c50 JavaThread "Service Thread" daemon [_thread_blocked, id=14040, stack(0x0000001c79b00000,0x0000001c79c00000)]
  0x000001257f096a20 JavaThread "Monitor Deflation Thread" daemon [_thread_blocked, id=16936, stack(0x0000001c79c00000,0x0000001c79d00000)]
=>0x000001257f097610 JavaThread "C2 CompilerThread0" daemon [_thread_in_native, id=14180, stack(0x0000001c79d00000,0x0000001c79e00000)]
  0x000001257f0cea60 JavaThread "C1 CompilerThread0" daemon [_thread_blocked, id=19420, stack(0x0000001c79e00000,0x0000001c79f00000)]
  0x0000012518ceed60 JavaThread "Sweeper thread" daemon [_thread_blocked, id=2204, stack(0x0000001c79f00000,0x0000001c7a000000)]
  0x000001257eec6580 JavaThread "Common-Cleaner" daemon [_thread_blocked, id=14488, stack(0x0000001c7a000000,0x0000001c7a100000)]
  0x0000012518f64020 JavaThread "Notification Thread" daemon [_thread_blocked, id=18536, stack(0x0000001c7a100000,0x0000001c7a200000)]
  0x0000012519604fa0 JavaThread "Active Thread: Equinox Container: 02145a59-0e91-41f9-9255-9070df3eab1f" [_thread_blocked, id=1708, stack(0x0000001c7a700000,0x0000001c7a800000)]
  0x00000125195c5030 JavaThread "Framework Event Dispatcher: Equinox Container: 02145a59-0e91-41f9-9255-9070df3eab1f" daemon [_thread_blocked, id=19536, stack(0x0000001c7a600000,0x0000001c7a700000)]
  0x0000012519730b10 JavaThread "Start Level: Equinox Container: 02145a59-0e91-41f9-9255-9070df3eab1f" daemon [_thread_blocked, id=11196, stack(0x0000001c7a800000,0x0000001c7a900000)]
  0x00000125196d15e0 JavaThread "SCR Component Actor" daemon [_thread_blocked, id=7800, stack(0x0000001c7a900000,0x0000001c7aa00000)]
  0x00000125196d5990 JavaThread "SCR Component Registry" daemon [_thread_blocked, id=1552, stack(0x0000001c7aa00000,0x0000001c7ab00000)]
  0x0000012519c4e890 JavaThread "Worker-JM" [_thread_blocked, id=8444, stack(0x0000001c7ab00000,0x0000001c7ac00000)]
  0x00000125194ecc90 JavaThread "Worker-0" [_thread_blocked, id=4700, stack(0x0000001c7ac00000,0x0000001c7ad00000)]
  0x00000125194ed160 JavaThread "Worker-1: Repository registry initialization" [_thread_blocked, id=13844, stack(0x0000001c7ad00000,0x0000001c7ae00000)]
  0x0000012519283180 JavaThread "C2 CompilerThread1" daemon [_thread_blocked, id=18244, stack(0x0000001c7ae00000,0x0000001c7af00000)]
  0x00000125194eb950 JavaThread "Java indexing" daemon [_thread_in_vm, id=18748, stack(0x0000001c7af00000,0x0000001c7b000000)]

Other Threads:
  0x000001257f054a80 VMThread "VM Thread" [stack: 0x0000001c79600000,0x0000001c79700000] [id=11660] _threads_hazard_ptr=0x0000012519b8cfb0
  0x0000012518f73290 WatcherThread [stack: 0x0000001c7a200000,0x0000001c7a300000] [id=12108]
  0x000001257ee1f640 GCTaskThread "GC Thread#0" [stack: 0x0000001c79500000,0x0000001c79600000] [id=13884]
  0x000001251957a640 GCTaskThread "GC Thread#1" [stack: 0x0000001c7a300000,0x0000001c7a400000] [id=14064]
  0x00000125191df4e0 GCTaskThread "GC Thread#2" [stack: 0x0000001c7a400000,0x0000001c7a500000] [id=17516]
  0x00000125191e2050 GCTaskThread "GC Thread#3" [stack: 0x0000001c7a500000,0x0000001c7a600000] [id=13760]

Threads with active compile tasks:
C2 CompilerThread0    10391 2975       4       org.objectweb.asm.ClassReader::readMethod (1066 bytes)
C2 CompilerThread1    10391 3138       4       java.util.HashMap::put (13 bytes)

VM state: not at safepoint (normal execution)

VM Mutex/Monitor currently owned by a thread:  ([mutex/lock_event])
[0x000001257ee043f0] Compile_lock - owner thread: 0x00000125194ed160
[0x000001257ee04480] MethodCompileQueue_lock - owner thread: 0x0000012519283180

Heap address: 0x00000000c0000000, size: 1024 MB, Compressed Oops mode: 32-bit

CDS archive(s) not mapped
Compressed class space mapped at: 0x0000000100000000-0x0000000140000000, reserved size: 1073741824
Narrow klass base: 0x0000000000000000, Narrow klass shift: 3, Narrow klass range: 0x140000000

GC Precious Log:
 CPUs: 4 total, 4 available
 Memory: 16264M
 Large Page Support: Disabled
 NUMA Support: Disabled
 Compressed Oops: Enabled (32-bit)
 Alignments: Space 512K, Generation 512K, Heap 2M
 Heap Min Capacity: 100M
 Heap Initial Capacity: 100M
 Heap Max Capacity: 1G
 Pre-touch: Disabled
 Parallel Workers: 4

Heap:
 PSYoungGen      total 27648K, used 9385K [0x00000000eab00000, 0x00000000eca80000, 0x0000000100000000)
  eden space 24064K, 24% used [0x00000000eab00000,0x00000000eb0ac7c0,0x00000000ec280000)
  from space 3584K, 99% used [0x00000000ec380000,0x00000000ec6fdfd0,0x00000000ec700000)
  to   space 3584K, 0% used [0x00000000ec700000,0x00000000ec700000,0x00000000eca80000)
 ParOldGen       total 68608K, used 8109K [0x00000000c0000000, 0x00000000c4300000, 0x00000000eab00000)
  object space 68608K, 11% used [0x00000000c0000000,0x00000000c07eb6c8,0x00000000c4300000)
 Metaspace       used 31320K, committed 32064K, reserved 1114112K
  class space    used 3102K, committed 3392K, reserved 1048576K

Card table byte_map: [0x000001257e7b0000,0x000001257e9c0000] _byte_map_base: 0x000001257e1b0000

Marking Bits: (ParMarkBitMap*) 0x00007ff8863c52c0
 Begin Bits: [0x0000012511bc0000, 0x0000012512bc0000)
 End Bits:   [0x0000012512bc0000, 0x0000012513bc0000)

Polling page: 0x000001257cd70000

Metaspace:

Usage:
  Non-class:     27.56 MB used.
      Class:      3.03 MB used.
       Both:     30.59 MB used.

Virtual space:
  Non-class space:       64.00 MB reserved,      28.00 MB ( 44%) committed,  1 nodes.
      Class space:        1.00 GB reserved,       3.31 MB ( <1%) committed,  1 nodes.
             Both:        1.06 GB reserved,      31.31 MB (  3%) committed. 

Chunk freelists:
   Non-Class:  3.84 MB
       Class:  12.70 MB
        Both:  16.53 MB

MaxMetaspaceSize: unlimited
CompressedClassSpaceSize: 1.00 GB
Initial GC threshold: 21.00 MB
Current GC threshold: 35.00 MB
CDS: off
MetaspaceReclaimPolicy: balanced
 - commit_granule_bytes: 65536.
 - commit_granule_words: 8192.
 - virtual_space_node_default_size: 8388608.
 - enlarge_chunks_in_place: 1.
 - new_chunks_are_fully_committed: 0.
 - uncommit_free_chunks: 1.
 - use_allocation_guard: 0.
 - handle_deallocations: 1.


Internal statistics:

num_allocs_failed_limit: 3.
num_arena_births: 536.
num_arena_deaths: 14.
num_vsnodes_births: 2.
num_vsnodes_deaths: 0.
num_space_committed: 501.
num_space_uncommitted: 0.
num_chunks_returned_to_freelist: 17.
num_chunks_taken_from_freelist: 1515.
num_chunk_merges: 8.
num_chunk_splits: 964.
num_chunks_enlarged: 566.
num_inconsistent_stats: 0.

CodeHeap 'non-profiled nmethods': size=120000Kb used=1326Kb max_used=1326Kb free=118674Kb
 bounds [0x000001250a690000, 0x000001250a900000, 0x0000012511bc0000]
CodeHeap 'profiled nmethods': size=120000Kb used=6429Kb max_used=6429Kb free=113570Kb
 bounds [0x0000012502bc0000, 0x0000012503210000, 0x000001250a0f0000]
CodeHeap 'non-nmethods': size=5760Kb used=1267Kb max_used=1290Kb free=4492Kb
 bounds [0x000001250a0f0000, 0x000001250a360000, 0x000001250a690000]
 total_blobs=3703 nmethods=3134 adapters=481
 compilation: enabled
              stopped_count=0, restarted_count=0
 full_count=0

Compilation events (20 events):
Event: 10.094 Thread 0x000001257f0cea60 3131       1       org.eclipse.core.internal.jobs.InternalJob::previous (5 bytes)
Event: 10.264 Thread 0x000001257f0cea60 nmethod 3131 0x000001250a7da190 code [0x000001250a7da320, 0x000001250a7da3f8]
Event: 10.264 Thread 0x000001257f0cea60 3132       1       java.util.concurrent.atomic.AtomicReference::set (6 bytes)
Event: 10.264 Thread 0x000001257f0cea60 nmethod 3132 0x000001250a7da490 code [0x000001250a7da620, 0x000001250a7da6f8]
Event: 10.265 Thread 0x0000012519283180 nmethod 3106% 0x000001250a7d3690 code [0x000001250a7d3ae0, 0x000001250a7d7c38]
Event: 10.265 Thread 0x0000012519283180 3099       4       java.lang.StringLatin1::getChars (12 bytes)
Event: 10.267 Thread 0x0000012519283180 nmethod 3099 0x000001250a7da790 code [0x000001250a7da900, 0x000001250a7daa78]
Event: 10.267 Thread 0x0000012519283180 3104       4       java.lang.String::getChars (54 bytes)
Event: 10.268 Thread 0x000001257f0cea60 3133       3       java.lang.Character::toUpperCase (6 bytes)
Event: 10.268 Thread 0x000001257f0cea60 nmethod 3133 0x0000012503206290 code [0x0000012503206440, 0x0000012503206698]
Event: 10.268 Thread 0x000001257f0cea60 3134       3       java.lang.Character::toUpperCase (9 bytes)
Event: 10.268 Thread 0x000001257f0cea60 nmethod 3134 0x0000012503206790 code [0x0000012503206940, 0x0000012503206b38]
Event: 10.269 Thread 0x000001257f0cea60 3136       3       java.lang.ProcessEnvironment$NameComparator::compare (13 bytes)
Event: 10.269 Thread 0x000001257f0cea60 nmethod 3136 0x0000012503206c10 code [0x0000012503206dc0, 0x00000125032070c8]
Event: 10.269 Thread 0x000001257f0cea60 3137       3       java.util.TreeMap::colorOf (13 bytes)
Event: 10.269 Thread 0x000001257f0cea60 nmethod 3137 0x0000012503207190 code [0x0000012503207320, 0x0000012503207478]
Event: 10.270 Thread 0x0000012519283180 nmethod 3104 0x000001250a7dab10 code [0x000001250a7daca0, 0x000001250a7daff8]
Event: 10.270 Thread 0x0000012519283180 3135       4       java.util.HashMap$EntryIterator::next (5 bytes)
Event: 10.275 Thread 0x0000012519283180 nmethod 3135 0x000001250a7db290 code [0x000001250a7db420, 0x000001250a7db698]
Event: 10.277 Thread 0x0000012519283180 3138       4       java.util.HashMap::put (13 bytes)

GC Heap History (16 events):
Event: 3.928 GC heap before
{Heap before GC invocations=1 (full 0):
 PSYoungGen      total 29696K, used 25600K [0x00000000eab00000, 0x00000000ecc00000, 0x0000000100000000)
  eden space 25600K, 100% used [0x00000000eab00000,0x00000000ec400000,0x00000000ec400000)
  from space 4096K, 0% used [0x00000000ec800000,0x00000000ec800000,0x00000000ecc00000)
  to   space 4096K, 0% used [0x00000000ec400000,0x00000000ec400000,0x00000000ec800000)
 ParOldGen       total 68608K, used 0K [0x00000000c0000000, 0x00000000c4300000, 0x00000000eab00000)
  object space 68608K, 0% used [0x00000000c0000000,0x00000000c0000000,0x00000000c4300000)
 Metaspace       used 11237K, committed 11392K, reserved 1114112K
  class space    used 1124K, committed 1216K, reserved 1048576K
}
Event: 3.964 GC heap after
{Heap after GC invocations=1 (full 0):
 PSYoungGen      total 29696K, used 3177K [0x00000000eab00000, 0x00000000ecc00000, 0x0000000100000000)
  eden space 25600K, 0% used [0x00000000eab00000,0x00000000eab00000,0x00000000ec400000)
  from space 4096K, 77% used [0x00000000ec400000,0x00000000ec71a490,0x00000000ec800000)
  to   space 4096K, 0% used [0x00000000ec800000,0x00000000ec800000,0x00000000ecc00000)
 ParOldGen       total 68608K, used 0K [0x00000000c0000000, 0x00000000c4300000, 0x00000000eab00000)
  object space 68608K, 0% used [0x00000000c0000000,0x00000000c0000000,0x00000000c4300000)
 Metaspace       used 11237K, committed 11392K, reserved 1114112K
  class space    used 1124K, committed 1216K, reserved 1048576K
}
Event: 6.212 GC heap before
{Heap before GC invocations=2 (full 0):
 PSYoungGen      total 29696K, used 28777K [0x00000000eab00000, 0x00000000ecc00000, 0x0000000100000000)
  eden space 25600K, 100% used [0x00000000eab00000,0x00000000ec400000,0x00000000ec400000)
  from space 4096K, 77% used [0x00000000ec400000,0x00000000ec71a490,0x00000000ec800000)
  to   space 4096K, 0% used [0x00000000ec800000,0x00000000ec800000,0x00000000ecc00000)
 ParOldGen       total 68608K, used 0K [0x00000000c0000000, 0x00000000c4300000, 0x00000000eab00000)
  object space 68608K, 0% used [0x00000000c0000000,0x00000000c0000000,0x00000000c4300000)
 Metaspace       used 15140K, committed 15360K, reserved 1114112K
  class space    used 1538K, committed 1664K, reserved 1048576K
}
Event: 6.220 GC heap after
{Heap after GC invocations=2 (full 0):
 PSYoungGen      total 29696K, used 4094K [0x00000000eab00000, 0x00000000ecc00000, 0x0000000100000000)
  eden space 25600K, 0% used [0x00000000eab00000,0x00000000eab00000,0x00000000ec400000)
  from space 4096K, 99% used [0x00000000ec800000,0x00000000ecbff9a0,0x00000000ecc00000)
  to   space 4096K, 0% used [0x00000000ec400000,0x00000000ec400000,0x00000000ec800000)
 ParOldGen       total 68608K, used 1422K [0x00000000c0000000, 0x00000000c4300000, 0x00000000eab00000)
  object space 68608K, 2% used [0x00000000c0000000,0x00000000c0163b90,0x00000000c4300000)
 Metaspace       used 15140K, committed 15360K, reserved 1114112K
  class space    used 1538K, committed 1664K, reserved 1048576K
}
Event: 7.352 GC heap before
{Heap before GC invocations=3 (full 0):
 PSYoungGen      total 29696K, used 29694K [0x00000000eab00000, 0x00000000ecc00000, 0x0000000100000000)
  eden space 25600K, 100% used [0x00000000eab00000,0x00000000ec400000,0x00000000ec400000)
  from space 4096K, 99% used [0x00000000ec800000,0x00000000ecbff9a0,0x00000000ecc00000)
  to   space 4096K, 0% used [0x00000000ec400000,0x00000000ec400000,0x00000000ec800000)
 ParOldGen       total 68608K, used 1422K [0x00000000c0000000, 0x00000000c4300000, 0x00000000eab00000)
  object space 68608K, 2% used [0x00000000c0000000,0x00000000c0163b90,0x00000000c4300000)
 Metaspace       used 19875K, committed 20224K, reserved 1114112K
  class space    used 2017K, committed 2176K, reserved 1048576K
}
Event: 7.361 GC heap after
{Heap after GC invocations=3 (full 0):
 PSYoungGen      total 29696K, used 4064K [0x00000000eab00000, 0x00000000ecc00000, 0x0000000100000000)
  eden space 25600K, 0% used [0x00000000eab00000,0x00000000eab00000,0x00000000ec400000)
  from space 4096K, 99% used [0x00000000ec400000,0x00000000ec7f8330,0x00000000ec800000)
  to   space 4096K, 0% used [0x00000000ec800000,0x00000000ec800000,0x00000000ecc00000)
 ParOldGen       total 68608K, used 3671K [0x00000000c0000000, 0x00000000c4300000, 0x00000000eab00000)
  object space 68608K, 5% used [0x00000000c0000000,0x00000000c0395f00,0x00000000c4300000)
 Metaspace       used 19875K, committed 20224K, reserved 1114112K
  class space    used 2017K, committed 2176K, reserved 1048576K
}
Event: 7.734 GC heap before
{Heap before GC invocations=4 (full 0):
 PSYoungGen      total 29696K, used 10886K [0x00000000eab00000, 0x00000000ecc00000, 0x0000000100000000)
  eden space 25600K, 26% used [0x00000000eab00000,0x00000000eb1a9660,0x00000000ec400000)
  from space 4096K, 99% used [0x00000000ec400000,0x00000000ec7f8330,0x00000000ec800000)
  to   space 4096K, 0% used [0x00000000ec800000,0x00000000ec800000,0x00000000ecc00000)
 ParOldGen       total 68608K, used 3671K [0x00000000c0000000, 0x00000000c4300000, 0x00000000eab00000)
  object space 68608K, 5% used [0x00000000c0000000,0x00000000c0395f00,0x00000000c4300000)
 Metaspace       used 21015K, committed 21504K, reserved 1114112K
  class space    used 2138K, committed 2368K, reserved 1048576K
}
Event: 7.738 GC heap after
{Heap after GC invocations=4 (full 0):
 PSYoungGen      total 29696K, used 4070K [0x00000000eab00000, 0x00000000ecc00000, 0x0000000100000000)
  eden space 25600K, 0% used [0x00000000eab00000,0x00000000eab00000,0x00000000ec400000)
  from space 4096K, 99% used [0x00000000ec800000,0x00000000ecbf9b80,0x00000000ecc00000)
  to   space 4096K, 0% used [0x00000000ec400000,0x00000000ec400000,0x00000000ec800000)
 ParOldGen       total 68608K, used 4023K [0x00000000c0000000, 0x00000000c4300000, 0x00000000eab00000)
  object space 68608K, 5% used [0x00000000c0000000,0x00000000c03edf00,0x00000000c4300000)
 Metaspace       used 21015K, committed 21504K, reserved 1114112K
  class space    used 2138K, committed 2368K, reserved 1048576K
}
Event: 7.738 GC heap before
{Heap before GC invocations=5 (full 1):
 PSYoungGen      total 29696K, used 4070K [0x00000000eab00000, 0x00000000ecc00000, 0x0000000100000000)
  eden space 25600K, 0% used [0x00000000eab00000,0x00000000eab00000,0x00000000ec400000)
  from space 4096K, 99% used [0x00000000ec800000,0x00000000ecbf9b80,0x00000000ecc00000)
  to   space 4096K, 0% used [0x00000000ec400000,0x00000000ec400000,0x00000000ec800000)
 ParOldGen       total 68608K, used 4023K [0x00000000c0000000, 0x00000000c4300000, 0x00000000eab00000)
  object space 68608K, 5% used [0x00000000c0000000,0x00000000c03edf00,0x00000000c4300000)
 Metaspace       used 21015K, committed 21504K, reserved 1114112K
  class space    used 2138K, committed 2368K, reserved 1048576K
}
Event: 7.772 GC heap after
{Heap after GC invocations=5 (full 1):
 PSYoungGen      total 29696K, used 0K [0x00000000eab00000, 0x00000000ecc00000, 0x0000000100000000)
  eden space 25600K, 0% used [0x00000000eab00000,0x00000000eab00000,0x00000000ec400000)
  from space 4096K, 0% used [0x00000000ec800000,0x00000000ec800000,0x00000000ecc00000)
  to   space 4096K, 0% used [0x00000000ec400000,0x00000000ec400000,0x00000000ec800000)
 ParOldGen       total 68608K, used 7974K [0x00000000c0000000, 0x00000000c4300000, 0x00000000eab00000)
  object space 68608K, 11% used [0x00000000c0000000,0x00000000c07c9b50,0x00000000c4300000)
 Metaspace       used 21002K, committed 21504K, reserved 1114112K
  class space    used 2134K, committed 2368K, reserved 1048576K
}
Event: 8.885 GC heap before
{Heap before GC invocations=6 (full 1):
 PSYoungGen      total 29696K, used 25600K [0x00000000eab00000, 0x00000000ecc00000, 0x0000000100000000)
  eden space 25600K, 100% used [0x00000000eab00000,0x00000000ec400000,0x00000000ec400000)
  from space 4096K, 0% used [0x00000000ec800000,0x00000000ec800000,0x00000000ecc00000)
  to   space 4096K, 0% used [0x00000000ec400000,0x00000000ec400000,0x00000000ec800000)
 ParOldGen       total 68608K, used 7974K [0x00000000c0000000, 0x00000000c4300000, 0x00000000eab00000)
  object space 68608K, 11% used [0x00000000c0000000,0x00000000c07c9b50,0x00000000c4300000)
 Metaspace       used 24549K, committed 25152K, reserved 1114112K
  class space    used 2566K, committed 2816K, reserved 1048576K
}
Event: 8.890 GC heap after
{Heap after GC invocations=6 (full 1):
 PSYoungGen      total 28160K, used 2717K [0x00000000eab00000, 0x00000000eca80000, 0x0000000100000000)
  eden space 25088K, 0% used [0x00000000eab00000,0x00000000eab00000,0x00000000ec380000)
  from space 3072K, 88% used [0x00000000ec400000,0x00000000ec6a7440,0x00000000ec700000)
  to   space 3584K, 0% used [0x00000000ec700000,0x00000000ec700000,0x00000000eca80000)
 ParOldGen       total 68608K, used 7982K [0x00000000c0000000, 0x00000000c4300000, 0x00000000eab00000)
  object space 68608K, 11% used [0x00000000c0000000,0x00000000c07cbb50,0x00000000c4300000)
 Metaspace       used 24549K, committed 25152K, reserved 1114112K
  class space    used 2566K, committed 2816K, reserved 1048576K
}
Event: 9.403 GC heap before
{Heap before GC invocations=7 (full 1):
 PSYoungGen      total 28160K, used 27805K [0x00000000eab00000, 0x00000000eca80000, 0x0000000100000000)
  eden space 25088K, 100% used [0x00000000eab00000,0x00000000ec380000,0x00000000ec380000)
  from space 3072K, 88% used [0x00000000ec400000,0x00000000ec6a7440,0x00000000ec700000)
  to   space 3584K, 0% used [0x00000000ec700000,0x00000000ec700000,0x00000000eca80000)
 ParOldGen       total 68608K, used 7982K [0x00000000c0000000, 0x00000000c4300000, 0x00000000eab00000)
  object space 68608K, 11% used [0x00000000c0000000,0x00000000c07cbb50,0x00000000c4300000)
 Metaspace       used 27764K, committed 28480K, reserved 1114112K
  class space    used 2795K, committed 3072K, reserved 1048576K
}
Event: 9.405 GC heap after
{Heap after GC invocations=7 (full 1):
 PSYoungGen      total 28160K, used 3399K [0x00000000eab00000, 0x00000000eca80000, 0x0000000100000000)
  eden space 24576K, 0% used [0x00000000eab00000,0x00000000eab00000,0x00000000ec300000)
  from space 3584K, 94% used [0x00000000ec700000,0x00000000eca51db8,0x00000000eca80000)
  to   space 3584K, 0% used [0x00000000ec380000,0x00000000ec380000,0x00000000ec700000)
 ParOldGen       total 68608K, used 7990K [0x00000000c0000000, 0x00000000c4300000, 0x00000000eab00000)
  object space 68608K, 11% used [0x00000000c0000000,0x00000000c07cdb50,0x00000000c4300000)
 Metaspace       used 27764K, committed 28480K, reserved 1114112K
  class space    used 2795K, committed 3072K, reserved 1048576K
}
Event: 9.801 GC heap before
{Heap before GC invocations=8 (full 1):
 PSYoungGen      total 28160K, used 27975K [0x00000000eab00000, 0x00000000eca80000, 0x0000000100000000)
  eden space 24576K, 100% used [0x00000000eab00000,0x00000000ec300000,0x00000000ec300000)
  from space 3584K, 94% used [0x00000000ec700000,0x00000000eca51db8,0x00000000eca80000)
  to   space 3584K, 0% used [0x00000000ec380000,0x00000000ec380000,0x00000000ec700000)
 ParOldGen       total 68608K, used 7990K [0x00000000c0000000, 0x00000000c4300000, 0x00000000eab00000)
  object space 68608K, 11% used [0x00000000c0000000,0x00000000c07cdb50,0x00000000c4300000)
 Metaspace       used 30457K, committed 31104K, reserved 1114112K
  class space    used 3013K, committed 3264K, reserved 1048576K
}
Event: 9.804 GC heap after
{Heap after GC invocations=8 (full 1):
 PSYoungGen      total 27648K, used 3575K [0x00000000eab00000, 0x00000000eca80000, 0x0000000100000000)
  eden space 24064K, 0% used [0x00000000eab00000,0x00000000eab00000,0x00000000ec280000)
  from space 3584K, 99% used [0x00000000ec380000,0x00000000ec6fdfd0,0x00000000ec700000)
  to   space 3584K, 0% used [0x00000000ec700000,0x00000000ec700000,0x00000000eca80000)
 ParOldGen       total 68608K, used 8109K [0x00000000c0000000, 0x00000000c4300000, 0x00000000eab00000)
  object space 68608K, 11% used [0x00000000c0000000,0x00000000c07eb6c8,0x00000000c4300000)
 Metaspace       used 30457K, committed 31104K, reserved 1114112K
  class space    used 3013K, committed 3264K, reserved 1048576K
}

Dll operation events (9 events):
Event: 0.119 Loaded shared library c:\Users\HP\.vscode\extensions\redhat.java-1.21.0-win32-x64\jre\17.0.7-win32-x86_64\bin\java.dll
Event: 1.190 Loaded shared library c:\Users\HP\.vscode\extensions\redhat.java-1.21.0-win32-x64\jre\17.0.7-win32-x86_64\bin\zip.dll
Event: 1.212 Loaded shared library C:\Users\HP\.vscode\extensions\redhat.java-1.21.0-win32-x64\jre\17.0.7-win32-x86_64\bin\instrument.dll
Event: 1.245 Loaded shared library C:\Users\HP\.vscode\extensions\redhat.java-1.21.0-win32-x64\jre\17.0.7-win32-x86_64\bin\net.dll
Event: 1.252 Loaded shared library C:\Users\HP\.vscode\extensions\redhat.java-1.21.0-win32-x64\jre\17.0.7-win32-x86_64\bin\nio.dll
Event: 1.322 Loaded shared library C:\Users\HP\.vscode\extensions\redhat.java-1.21.0-win32-x64\jre\17.0.7-win32-x86_64\bin\zip.dll
Event: 1.348 Loaded shared library C:\Users\HP\.vscode\extensions\redhat.java-1.21.0-win32-x64\jre\17.0.7-win32-x86_64\bin\jimage.dll
Event: 1.600 Loaded shared library c:\Users\HP\.vscode\extensions\redhat.java-1.21.0-win32-x64\jre\17.0.7-win32-x86_64\bin\verify.dll
Event: 5.813 Loaded shared library C:\Users\HP\AppData\Roaming\Code\User\globalStorage\redhat.java\1.21.0\config_win\org.eclipse.equinox.launcher\org.eclipse.equinox.launcher.win32.win32.x86_64_1.2.700.v20221108-1024\eclipse_11801.dll

Deoptimization events (20 events):
Event: 10.265 Thread 0x0000012519730b10 Uncommon trap: trap_request=0xffffffc6 fr.pc=0x000001250a710338 relative=0x00000000000009f8
Event: 10.265 Thread 0x0000012519730b10 Uncommon trap: reason=bimorphic_or_optimized_type_check action=maybe_recompile pc=0x000001250a710338 method=java.util.HashMap.putVal(ILjava/lang/Object;Ljava/lang/Object;ZZ)Ljava/lang/Object; @ 56 c2
Event: 10.265 Thread 0x0000012519730b10 DEOPT PACKING pc=0x000001250a710338 sp=0x0000001c7a8fdcb0
Event: 10.265 Thread 0x0000012519730b10 DEOPT UNPACKING pc=0x000001250a1466a3 sp=0x0000001c7a8fdbb0 mode 2
Event: 10.266 Thread 0x0000012519730b10 Uncommon trap: trap_request=0xffffffc6 fr.pc=0x000001250a710338 relative=0x00000000000009f8
Event: 10.266 Thread 0x0000012519730b10 Uncommon trap: reason=bimorphic_or_optimized_type_check action=maybe_recompile pc=0x000001250a710338 method=java.util.HashMap.putVal(ILjava/lang/Object;Ljava/lang/Object;ZZ)Ljava/lang/Object; @ 56 c2
Event: 10.267 Thread 0x0000012519730b10 DEOPT PACKING pc=0x000001250a710338 sp=0x0000001c7a8fdcb0
Event: 10.267 Thread 0x0000012519730b10 DEOPT UNPACKING pc=0x000001250a1466a3 sp=0x0000001c7a8fdbb0 mode 2
Event: 10.267 Thread 0x0000012519730b10 Uncommon trap: trap_request=0xffffffc6 fr.pc=0x000001250a710338 relative=0x00000000000009f8
Event: 10.267 Thread 0x0000012519730b10 Uncommon trap: reason=bimorphic_or_optimized_type_check action=maybe_recompile pc=0x000001250a710338 method=java.util.HashMap.putVal(ILjava/lang/Object;Ljava/lang/Object;ZZ)Ljava/lang/Object; @ 56 c2
Event: 10.267 Thread 0x0000012519730b10 DEOPT PACKING pc=0x000001250a710338 sp=0x0000001c7a8fdcb0
Event: 10.267 Thread 0x0000012519730b10 DEOPT UNPACKING pc=0x000001250a1466a3 sp=0x0000001c7a8fdbb0 mode 2
Event: 10.267 Thread 0x0000012519730b10 Uncommon trap: trap_request=0xffffffc6 fr.pc=0x000001250a710360 relative=0x0000000000000a20
Event: 10.267 Thread 0x0000012519730b10 Uncommon trap: reason=bimorphic_or_optimized_type_check action=maybe_recompile pc=0x000001250a710360 method=java.util.HashMap.putVal(ILjava/lang/Object;Ljava/lang/Object;ZZ)Ljava/lang/Object; @ 152 c2
Event: 10.267 Thread 0x0000012519730b10 DEOPT PACKING pc=0x000001250a710360 sp=0x0000001c7a8fdcb0
Event: 10.267 Thread 0x0000012519730b10 DEOPT UNPACKING pc=0x000001250a1466a3 sp=0x0000001c7a8fdbb8 mode 2
Event: 10.267 Thread 0x0000012519730b10 Uncommon trap: trap_request=0xffffffc6 fr.pc=0x000001250a710360 relative=0x0000000000000a20
Event: 10.267 Thread 0x0000012519730b10 Uncommon trap: reason=bimorphic_or_optimized_type_check action=maybe_recompile pc=0x000001250a710360 method=java.util.HashMap.putVal(ILjava/lang/Object;Ljava/lang/Object;ZZ)Ljava/lang/Object; @ 152 c2
Event: 10.267 Thread 0x0000012519730b10 DEOPT PACKING pc=0x000001250a710360 sp=0x0000001c7a8fdcb0
Event: 10.267 Thread 0x0000012519730b10 DEOPT UNPACKING pc=0x000001250a1466a3 sp=0x0000001c7a8fdbb8 mode 2

Classes unloaded (7 events):
Event: 7.744 Thread 0x000001257f054a80 Unloading class 0x000000010020c400 'java/lang/invoke/LambdaForm$MH+0x000000010020c400'
Event: 7.744 Thread 0x000001257f054a80 Unloading class 0x000000010020c000 'java/lang/invoke/LambdaForm$MH+0x000000010020c000'
Event: 7.744 Thread 0x000001257f054a80 Unloading class 0x000000010020bc00 'java/lang/invoke/LambdaForm$MH+0x000000010020bc00'
Event: 7.744 Thread 0x000001257f054a80 Unloading class 0x000000010020b800 'java/lang/invoke/LambdaForm$MH+0x000000010020b800'
Event: 7.744 Thread 0x000001257f054a80 Unloading class 0x000000010020b400 'java/lang/invoke/LambdaForm$BMH+0x000000010020b400'
Event: 7.744 Thread 0x000001257f054a80 Unloading class 0x000000010020b000 'java/lang/invoke/LambdaForm$DMH+0x000000010020b000'
Event: 7.744 Thread 0x000001257f054a80 Unloading class 0x0000000100208400 'java/lang/invoke/LambdaForm$DMH+0x0000000100208400'

Classes redefined (0 events):
No events

Internal exceptions (20 events):
Event: 8.687 Thread 0x0000012519730b10 Exception <a 'java/lang/NoSuchMethodError'{0x00000000ec1fb238}: 'int java.lang.invoke.DirectMethodHandle$Holder.invokeStaticInit(java.lang.Object, float, float)'> (0x00000000ec1fb238) 
thrown [s\src\hotspot\share\interpreter\linkResolver.cpp, line 759]
Event: 8.688 Thread 0x0000012519730b10 Exception <a 'java/lang/NoSuchMethodError'{0x00000000ec203328}: 'int java.lang.invoke.DirectMethodHandle$Holder.invokeStaticInit(java.lang.Object, double, double)'> (0x00000000ec203328) 
thrown [s\src\hotspot\share\interpreter\linkResolver.cpp, line 759]
Event: 8.689 Thread 0x0000012519730b10 Exception <a 'java/lang/NoSuchMethodError'{0x00000000ec208bc8}: 'int java.lang.invoke.DirectMethodHandle$Holder.invokeStatic(java.lang.Object, long)'> (0x00000000ec208bc8) 
thrown [s\src\hotspot\share\interpreter\linkResolver.cpp, line 759]
Event: 8.697 Thread 0x0000012519730b10 Exception <a 'java/lang/NoSuchMethodError'{0x00000000ec231020}: 'int java.lang.invoke.Invokers$Holder.linkToTargetMethod(java.lang.Object, java.lang.Object)'> (0x00000000ec231020) 
thrown [s\src\hotspot\share\interpreter\linkResolver.cpp, line 759]
Event: 8.854 Thread 0x0000012519730b10 Exception <a 'java/lang/NoSuchMethodError'{0x00000000ec325148}: 'java.lang.Object java.lang.invoke.DirectMethodHandle$Holder.invokeSpecial(java.lang.Object, java.lang.Object, java.lang.Object, java.lang.Object, java.lang.Object, java.lang.Object, java.lang.Object, java.lang.Object, java.lang.Object, java.lang.Object, java.lang.Object)'> (0x00000000ec325148) 
thrown [s\src\hotspot\share\interpreter\linkResolver.cpp, line 759]
Event: 8.854 Thread 0x0000012519730b10 Exception <a 'java/lang/NoSuchMethodError'{0x00000000ec32a908}: 'java.lang.Object java.lang.invoke.Invokers$Holder.invoke_MT(java.lang.Object, java.lang.Object, java.lang.Object, java.lang.Object, java.lang.Object, java.lang.Object, java.lang.Object, java.lang.Object, java.lang.Object, java.lang.Object, java.lang.Object)'> (0x00000000ec32a908) 
thrown [s\src\hotspot\share\interpreter\linkResolver.cpp, line 759]
Event: 8.879 Thread 0x0000012519730b10 Exception <a 'java/lang/NoSuchMethodError'{0x00000000ec3b4a68}: 'java.lang.Object java.lang.invoke.DirectMethodHandle$Holder.invokeSpecial(java.lang.Object, java.lang.Object, java.lang.Object, java.lang.Object, java.lang.Object, java.lang.Object, java.lang.Object, java.lang.Object, java.lang.Object, java.lang.Object)'> (0x00000000ec3b4a68) 
thrown [s\src\hotspot\share\interpreter\linkResolver.cpp, line 759]
Event: 8.880 Thread 0x0000012519730b10 Exception <a 'java/lang/NoSuchMethodError'{0x00000000ec3b9cb8}: 'java.lang.Object java.lang.invoke.Invokers$Holder.invoke_MT(java.lang.Object, java.lang.Object, java.lang.Object, java.lang.Object, java.lang.Object, java.lang.Object, java.lang.Object, java.lang.Object, java.lang.Object, java.lang.Object)'> (0x00000000ec3b9cb8) 
thrown [s\src\hotspot\share\interpreter\linkResolver.cpp, line 759]
Event: 8.910 Thread 0x0000012519730b10 Exception <a 'java/lang/NoSuchMethodError'{0x00000000eab9bc78}: 'java.lang.Object java.lang.invoke.DirectMethodHandle$Holder.newInvokeSpecial(java.lang.Object, java.lang.Object, java.lang.Object, java.lang.Object, java.lang.Object, java.lang.Object, java.lang.Object)'> (0x00000000eab9bc78) 
thrown [s\src\hotspot\share\interpreter\linkResolver.cpp, line 759]
Event: 8.922 Thread 0x0000012519730b10 Exception <a 'java/lang/NoSuchMethodError'{0x00000000eac0c8f8}: 'java.lang.Object java.lang.invoke.DirectMethodHandle$Holder.invokeSpecial(java.lang.Object, java.lang.Object, java.lang.Object, java.lang.Object, java.lang.Object, java.lang.Object, java.lang.Object, java.lang.Object, java.lang.Object, java.lang.Object, java.lang.Object, java.lang.Object, java.lang.Object)'> (0x00000000eac0c8f8) 
thrown [s\src\hotspot\share\interpreter\linkResolver.cpp, line 759]
Event: 8.922 Thread 0x0000012519730b10 Exception <a 'java/lang/NoSuchMethodError'{0x00000000eac12428}: 'java.lang.Object java.lang.invoke.Invokers$Holder.invoker(java.lang.Object, java.lang.Object, java.lang.Object, java.lang.Object, java.lang.Object, java.lang.Object, java.lang.Object, java.lang.Object, java.lang.Object, java.lang.Object, java.lang.Object, java.lang.Object, java.lang.Object)'> (0x00000000eac12428) 
thrown [s\src\hotspot\share\interpreter\linkResolver.cpp, line 759]
Event: 8.923 Thread 0x0000012519730b10 Exception <a 'java/lang/NoSuchMethodError'{0x00000000eac191a8}: 'java.lang.Object java.lang.invoke.DirectMethodHandle$Holder.invokeSpecial(java.lang.Object, java.lang.Object, java.lang.Object, java.lang.Object, java.lang.Object, java.lang.Object, java.lang.Object, java.lang.Object, java.lang.Object, java.lang.Object, java.lang.Object, java.lang.Object, java.lang.Object, java.lang.Object)'> (0x00000000eac191a8) 
thrown [s\src\hotspot\share\interpreter\linkResolver.cpp, line 759]
Event: 8.933 Thread 0x0000012519730b10 Exception <a 'java/lang/NoSuchMethodError'{0x00000000eac8b9b8}: static Lorg/eclipse/m2e/core/internal/lifecyclemapping/model/PluginExecutionMetadata;.<clinit>()V> (0x00000000eac8b9b8) 
thrown [s\src\hotspot\share\prims\jni.cpp, line 1107]
Event: 8.955 Thread 0x0000012519730b10 Exception <a 'java/lang/NoSuchMethodError'{0x00000000eace7678}: static Lorg/eclipse/m2e/core/internal/lifecyclemapping/model/PluginExecutionFilter;.<clinit>()V> (0x00000000eace7678) 
thrown [s\src\hotspot\share\prims\jni.cpp, line 1107]
Event: 8.965 Thread 0x0000012519730b10 Exception <a 'java/lang/NoSuchMethodError'{0x00000000ead1c530}: static Lorg/eclipse/m2e/core/internal/project/registry/MavenProjectFacade$MavenProjectConfiguration;.<clinit>()V> (0x00000000ead1c530) 
thrown [s\src\hotspot\share\prims\jni.cpp, line 1107]
Event: 9.035 Thread 0x00000125194ecc90 Exception <a 'java/io/FileNotFoundException'{0x00000000eaf48388}> (0x00000000eaf48388) 
thrown [s\src\hotspot\share\prims\jni.cpp, line 516]
Event: 9.844 Thread 0x0000012519730b10 Exception <a 'java/lang/ClassNotFoundException'{0x00000000eacd4cd8}: com/sun/org/apache/xerces/internal/impl/msg/spi/DOMMessagesProvider> (0x00000000eacd4cd8) 
thrown [s\src\hotspot\share\classfile\systemDictionary.cpp, line 256]
Event: 9.847 Thread 0x0000012519730b10 Exception <a 'java/lang/ClassNotFoundException'{0x00000000eacf18f0}: com/sun/org/apache/xerces/internal/impl/msg/spi/XMLSerializerMessagesProvider> (0x00000000eacf18f0) 
thrown [s\src\hotspot\share\classfile\systemDictionary.cpp, line 256]
Event: 9.848 Thread 0x0000012519730b10 Exception <a 'java/lang/ClassNotFoundException'{0x00000000eacfebc8}: com/sun/org/apache/xerces/internal/impl/msg/spi/XMLMessagesProvider> (0x00000000eacfebc8) 
thrown [s\src\hotspot\share\classfile\systemDictionary.cpp, line 256]
Event: 9.901 Thread 0x0000012519730b10 Exception <a 'java/lang/NoSuchMethodError'{0x00000000eaeaabe0}: 'void java.lang.invoke.DirectMethodHandle$Holder.invokeVirtual(java.lang.Object, java.lang.Object)'> (0x00000000eaeaabe0) 
thrown [s\src\hotspot\share\interpreter\linkResolver.cpp, line 759]

VM Operations (20 events):
Event: 7.772 Executing VM operation: CollectForMetadataAllocation done
Event: 7.828 Executing VM operation: HandshakeAllThreads
Event: 7.829 Executing VM operation: HandshakeAllThreads done
Event: 8.054 Executing VM operation: HandshakeAllThreads
Event: 8.055 Executing VM operation: HandshakeAllThreads done
Event: 8.060 Executing VM operation: HandshakeAllThreads
Event: 8.060 Executing VM operation: HandshakeAllThreads done
Event: 8.239 Executing VM operation: HandshakeAllThreads
Event: 8.239 Executing VM operation: HandshakeAllThreads done
Event: 8.618 Executing VM operation: HandshakeAllThreads
Event: 8.619 Executing VM operation: HandshakeAllThreads done
Event: 8.885 Executing VM operation: ParallelGCFailedAllocation
Event: 8.890 Executing VM operation: ParallelGCFailedAllocation done
Event: 9.403 Executing VM operation: ParallelGCFailedAllocation
Event: 9.406 Executing VM operation: ParallelGCFailedAllocation done
Event: 9.801 Executing VM operation: ParallelGCFailedAllocation
Event: 9.804 Executing VM operation: ParallelGCFailedAllocation done
Event: 9.985 Executing VM operation: HandshakeAllThreads
Event: 10.264 Executing VM operation: HandshakeAllThreads done
Event: 10.285 Executing VM operation: HandshakeAllThreads

Events (20 events):
Event: 9.964 loading class java/net/InetSocketAddress
Event: 9.964 loading class java/net/InetSocketAddress done
Event: 9.964 loading class java/nio/channels/AsynchronousByteChannel
Event: 9.964 loading class java/nio/channels/AsynchronousChannel
Event: 9.964 loading class java/nio/channels/AsynchronousChannel done
Event: 9.964 loading class java/nio/channels/AsynchronousByteChannel done
Event: 9.964 loading class java/net/Authenticator
Event: 9.965 loading class java/net/Authenticator done
Event: 9.984 loading class java/lang/ProcessEnvironment
Event: 9.984 loading class java/lang/ProcessEnvironment done
Event: 10.264 loading class java/lang/ProcessEnvironment$NameComparator
Event: 10.264 loading class java/lang/ProcessEnvironment$NameComparator done
Event: 10.265 loading class java/lang/ProcessEnvironment$EntryComparator
Event: 10.265 loading class java/lang/ProcessEnvironment$EntryComparator done
Event: 10.267 loading class java/lang/ProcessEnvironment$CheckedEntrySet
Event: 10.267 loading class java/lang/ProcessEnvironment$CheckedEntrySet done
Event: 10.267 loading class java/lang/ProcessEnvironment$CheckedEntrySet$1
Event: 10.268 loading class java/lang/ProcessEnvironment$CheckedEntrySet$1 done
Event: 10.268 loading class java/lang/ProcessEnvironment$CheckedEntry
Event: 10.268 loading class java/lang/ProcessEnvironment$CheckedEntry done


Dynamic libraries:
0x00007ff7eaeb0000 - 0x00007ff7eaebe000 	c:\Users\HP\.vscode\extensions\redhat.java-1.21.0-win32-x64\jre\17.0.7-win32-x86_64\bin\java.exe
0x00007ff8d3170000 - 0x00007ff8d3368000 	C:\WINDOWS\SYSTEM32\ntdll.dll
0x00007ff8d2e20000 - 0x00007ff8d2edf000 	C:\WINDOWS\System32\KERNEL32.DLL
0x00007ff8d0b20000 - 0x00007ff8d0e16000 	C:\WINDOWS\System32\KERNELBASE.dll
0x00007ff8d0e20000 - 0x00007ff8d0f20000 	C:\WINDOWS\System32\ucrtbase.dll
0x00007ff8b92e0000 - 0x00007ff8b92f7000 	c:\Users\HP\.vscode\extensions\redhat.java-1.21.0-win32-x64\jre\17.0.7-win32-x86_64\bin\jli.dll
0x00007ff8d1fb0000 - 0x00007ff8d214d000 	C:\WINDOWS\System32\USER32.dll
0x00007ff8d1070000 - 0x00007ff8d1092000 	C:\WINDOWS\System32\win32u.dll
0x00007ff8d2fd0000 - 0x00007ff8d2ffc000 	C:\WINDOWS\System32\GDI32.dll
0x00007ff8d0a00000 - 0x00007ff8d0b15000 	C:\WINDOWS\System32\gdi32full.dll
0x00007ff8d10a0000 - 0x00007ff8d113d000 	C:\WINDOWS\System32\msvcp_win.dll
0x00007ff8b9250000 - 0x00007ff8b9269000 	c:\Users\HP\.vscode\extensions\redhat.java-1.21.0-win32-x64\jre\17.0.7-win32-x86_64\bin\VCRUNTIME140.dll
0x00007ff8bb5b0000 - 0x00007ff8bb84a000 	C:\WINDOWS\WinSxS\amd64_microsoft.windows.common-controls_6595b64144ccf1df_6.0.19041.1110_none_60b5254171f9507e\COMCTL32.dll
0x00007ff8d1260000 - 0x00007ff8d12fe000 	C:\WINDOWS\System32\msvcrt.dll
0x00007ff8d2200000 - 0x00007ff8d2230000 	C:\WINDOWS\System32\IMM32.DLL
0x000001257cd90000 - 0x000001257cda4000 	C:\WINDOWS\System32\umppc16705.dll
0x00007ff8bb410000 - 0x00007ff8bb41c000 	c:\Users\HP\.vscode\extensions\redhat.java-1.21.0-win32-x64\jre\17.0.7-win32-x86_64\bin\vcruntime140_1.dll
0x00007ff8b90a0000 - 0x00007ff8b9131000 	c:\Users\HP\.vscode\extensions\redhat.java-1.21.0-win32-x64\jre\17.0.7-win32-x86_64\bin\msvcp140.dll
0x00007ff885840000 - 0x00007ff886488000 	c:\Users\HP\.vscode\extensions\redhat.java-1.21.0-win32-x64\jre\17.0.7-win32-x86_64\bin\server\jvm.dll
0x00007ff8d1300000 - 0x00007ff8d13af000 	C:\WINDOWS\System32\ADVAPI32.dll
0x00007ff8d1820000 - 0x00007ff8d18bc000 	C:\WINDOWS\System32\sechost.dll
0x00007ff8d25a0000 - 0x00007ff8d26c6000 	C:\WINDOWS\System32\RPCRT4.dll
0x00007ff89c3c0000 - 0x00007ff89c3c9000 	C:\WINDOWS\SYSTEM32\WSOCK32.dll
0x00007ff8d1d00000 - 0x00007ff8d1d6b000 	C:\WINDOWS\System32\WS2_32.dll
0x00007ff8baf00000 - 0x00007ff8baf27000 	C:\WINDOWS\SYSTEM32\WINMM.dll
0x00007ff8c4180000 - 0x00007ff8c418a000 	C:\WINDOWS\SYSTEM32\VERSION.dll
0x00007ff8cf090000 - 0x00007ff8cf0a2000 	C:\WINDOWS\SYSTEM32\kernel.appcore.dll
0x00007ff8bb3b0000 - 0x00007ff8bb3ba000 	c:\Users\HP\.vscode\extensions\redhat.java-1.21.0-win32-x64\jre\17.0.7-win32-x86_64\bin\jimage.dll
0x00007ff8ce680000 - 0x00007ff8ce864000 	C:\WINDOWS\SYSTEM32\DBGHELP.DLL
0x00007ff8b2e70000 - 0x00007ff8b2ea4000 	C:\WINDOWS\SYSTEM32\dbgcore.DLL
0x00007ff8d1140000 - 0x00007ff8d11c2000 	C:\WINDOWS\System32\bcryptPrimitives.dll
0x00007ff8ba7e0000 - 0x00007ff8ba7ee000 	c:\Users\HP\.vscode\extensions\redhat.java-1.21.0-win32-x64\jre\17.0.7-win32-x86_64\bin\instrument.dll
0x00007ff8b9220000 - 0x00007ff8b9245000 	c:\Users\HP\.vscode\extensions\redhat.java-1.21.0-win32-x64\jre\17.0.7-win32-x86_64\bin\java.dll
0x00007ff8b9080000 - 0x00007ff8b9098000 	c:\Users\HP\.vscode\extensions\redhat.java-1.21.0-win32-x64\jre\17.0.7-win32-x86_64\bin\zip.dll
0x00007ff8d26d0000 - 0x00007ff8d2e14000 	C:\WINDOWS\System32\SHELL32.dll
0x00007ff8ce880000 - 0x00007ff8cf014000 	C:\WINDOWS\SYSTEM32\windows.storage.dll
0x00007ff8d2240000 - 0x00007ff8d2594000 	C:\WINDOWS\System32\combase.dll
0x00007ff8d01c0000 - 0x00007ff8d01ee000 	C:\WINDOWS\SYSTEM32\Wldp.dll
0x00007ff8d2150000 - 0x00007ff8d21fd000 	C:\WINDOWS\System32\SHCORE.dll
0x00007ff8d1f50000 - 0x00007ff8d1fa5000 	C:\WINDOWS\System32\shlwapi.dll
0x00007ff8d0780000 - 0x00007ff8d07a5000 	C:\WINDOWS\SYSTEM32\profapi.dll
0x00007ff8ae3c0000 - 0x00007ff8ae3d9000 	C:\Users\HP\.vscode\extensions\redhat.java-1.21.0-win32-x64\jre\17.0.7-win32-x86_64\bin\net.dll
0x00007ff8bc620000 - 0x00007ff8bc72a000 	C:\WINDOWS\SYSTEM32\WINHTTP.dll
0x00007ff8cff20000 - 0x00007ff8cff8a000 	C:\WINDOWS\system32\mswsock.dll
0x00007ff8adca0000 - 0x00007ff8adcb5000 	C:\Users\HP\.vscode\extensions\redhat.java-1.21.0-win32-x64\jre\17.0.7-win32-x86_64\bin\nio.dll
0x00007ff8ba630000 - 0x00007ff8ba640000 	c:\Users\HP\.vscode\extensions\redhat.java-1.21.0-win32-x64\jre\17.0.7-win32-x86_64\bin\verify.dll
0x00007ff89d270000 - 0x00007ff89d2ae000 	C:\Users\HP\AppData\Roaming\Code\User\globalStorage\redhat.java\1.21.0\config_win\org.eclipse.equinox.launcher\org.eclipse.equinox.launcher.win32.win32.x86_64_1.2.700.v20221108-1024\eclipse_11801.dll
0x00007ff8d3000000 - 0x00007ff8d312a000 	C:\WINDOWS\System32\ole32.dll

dbghelp: loaded successfully - version: 4.0.5 - missing functions: none
symbol engine: initialized successfully - sym options: 0x614 - pdb path: .;c:\Users\HP\.vscode\extensions\redhat.java-1.21.0-win32-x64\jre\17.0.7-win32-x86_64\bin;C:\WINDOWS\SYSTEM32;C:\WINDOWS\WinSxS\amd64_microsoft.windows.common-controls_6595b64144ccf1df_6.0.19041.1110_none_60b5254171f9507e;c:\Users\HP\.vscode\extensions\redhat.java-1.21.0-win32-x64\jre\17.0.7-win32-x86_64\bin\server;C:\Users\HP\AppData\Roaming\Code\User\globalStorage\redhat.java\1.21.0\config_win\org.eclipse.equinox.launcher\org.eclipse.equinox.launcher.win32.win32.x86_64_1.2.700.v20221108-1024

VM Arguments:
jvm_args: --add-modules=ALL-SYSTEM --add-opens=java.base/java.util=ALL-UNNAMED --add-opens=java.base/java.lang=ALL-UNNAMED --add-opens=java.base/sun.nio.fs=ALL-UNNAMED -Declipse.application=org.eclipse.jdt.ls.core.id1 -Dosgi.bundles.defaultStartLevel=4 -Declipse.product=org.eclipse.jdt.ls.core.product -Djava.import.generatesMetadataFilesAtProjectRoot=false -Dfile.encoding=utf8 -Xlog:disable -XX:+UseParallelGC -XX:GCTimeRatio=4 -XX:AdaptiveSizePolicyWeight=90 -Dsun.zip.disableMemoryMapping=true -Xmx1G -Xms100m -javaagent:c:\Users\HP\.vscode\extensions\redhat.java-1.21.0-win32-x64\lombok\lombok-1.18.28.jar -XX:+HeapDumpOnOutOfMemoryError -XX:HeapDumpPath=c:\Users\HP\AppData\Roaming\Code\User\workspaceStorage\e7d6771217760dc5d5ebb1ae0e193b46\redhat.java -Daether.dependencyCollector.impl=bf 
java_command: c:\Users\HP\.vscode\extensions\redhat.java-1.21.0-win32-x64\server\plugins\org.eclipse.equinox.launcher_1.6.500.v20230717-2134.jar -configuration c:\Users\HP\AppData\Roaming\Code\User\globalStorage\redhat.java\1.21.0\config_win -data c:\Users\HP\AppData\Roaming\Code\User\workspaceStorage\e7d6771217760dc5d5ebb1ae0e193b46\redhat.java\jdt_ws
java_class_path (initial): c:\Users\HP\.vscode\extensions\redhat.java-1.21.0-win32-x64\server\plugins\org.eclipse.equinox.launcher_1.6.500.v20230717-2134.jar
Launcher Type: SUN_STANDARD

[Global flags]
    uintx AdaptiveSizePolicyWeight                 = 90                                        {product} {command line}
     intx CICompilerCount                          = 3                                         {product} {ergonomic}
    uintx GCTimeRatio                              = 4                                         {product} {command line}
     bool HeapDumpOnOutOfMemoryError               = true                                   {manageable} {command line}
    ccstr HeapDumpPath                             = c:\Users\HP\AppData\Roaming\Code\User\workspaceStorage\e7d6771217760dc5d5ebb1ae0e193b46\redhat.java         {manageable} {command line}
   size_t InitialHeapSize                          = 104857600                                 {product} {command line}
   size_t MaxHeapSize                              = 1073741824                                {product} {command line}
   size_t MaxNewSize                               = 357564416                                 {product} {ergonomic}
   size_t MinHeapDeltaBytes                        = 524288                                    {product} {ergonomic}
   size_t MinHeapSize                              = 104857600                                 {product} {command line}
   size_t NewSize                                  = 34603008                                  {product} {ergonomic}
    uintx NonNMethodCodeHeapSize                   = 5832780                                {pd product} {ergonomic}
    uintx NonProfiledCodeHeapSize                  = 122912730                              {pd product} {ergonomic}
   size_t OldSize                                  = 70254592                                  {product} {ergonomic}
    uintx ProfiledCodeHeapSize                     = 122912730                              {pd product} {ergonomic}
    uintx ReservedCodeCacheSize                    = 251658240                              {pd product} {ergonomic}
     bool SegmentedCodeCache                       = true                                      {product} {ergonomic}
   size_t SoftMaxHeapSize                          = 1073741824                             {manageable} {ergonomic}
     bool UseCompressedClassPointers               = true                           {product lp64_product} {ergonomic}
     bool UseCompressedOops                        = true                           {product lp64_product} {ergonomic}
     bool UseLargePagesIndividualAllocation        = false                                  {pd product} {ergonomic}
     bool UseParallelGC                            = true                                      {product} {command line}

Logging:
Log output configuration:
 #0: stdout all=off uptime,level,tags
 #1: stderr all=off uptime,level,tags

Environment Variables:
JAVA_HOME=C:\Program Files\Java\jdk1.8.0_231
PATH=C:\Program Files\Common Files\Oracle\Java\javapath;C:\Program Files (x86)\VMware\VMware Workstation\bin\;C:\Program Files\Microsoft MPI\Bin\;C:\Users\HP\AppData\Local\Programs\Python\Python310;C:\Users\HP\AppData\Local\Programs\Python\Python310\Scripts;C:\WINDOWS\system32;C:\WINDOWS;C:\WINDOWS\System32\Wbem;C:\WINDOWS\System32\WindowsPowerShell\v1.0\;C:\WINDOWS\System32\OpenSSH\;C:\Program Files\Java\jdk1.8.0_231\bin;C:\apache-maven-3.6.3\bin;C:\Program Files\Git\cmd;C:\ProgramData\chocolatey\bin;C:\Program Files (x86)\Yarn\bin\;C:\xampp\php;C:\ProgramData\ComposerSetup\bin;C:\Program Files\TortoiseGit\bin;C:\Program Files\Amazon\AWSCLI\bin\;C:\Program Files\OpenVPN\bin;C:\Program Files\PuTTY\;C:\Program Files\Microsoft SQL Server\Client SDK\ODBC\170\Tools\Binn\;C:\Program Files (x86)\Microsoft SQL Server\150\DTS\Binn\;C:\Program Files\dotnet\;C:\Program Files\dotnet;C:\Users\HP\AppData\Roaming\nvm;C:\Program Files\nodejs;C:\Users\HP\.windows-build-tools\python27;C:\Users\HP\AppData\Roaming\npm\node_modules\npm\node_modules\npm-lifecycle\node-gyp-bin;C:\Users\HP\AppData\Roaming\npm\node_modules\windows-build-tools\node_modules\.bin;C:\Users\HP\AppData\Roaming\npm\node_modules\.bin;C:\Program Files (x86)\VMware\VMware Workstation\bin\;C:\Program Files\Microsoft MPI\Bin\;C:\Program Files (x86)\Common Files\Oracle\Java\javapath;C:\Users\HP\AppData\Local\Programs\Python\Python310;C:\Users\HP\AppData\Local\Programs\Python\Python310\Scripts;C:\WINDOWS\System32\Wbem;C:\WINDOWS\System32\WindowsPowerShell\v1.0\;C:\WINDOWS\System32\OpenSSH\;C:\Program Files\Java\jdk1.8.0_231\bin;C:\apache-maven-3.6.3\bin;C:\Program Files\Microsoft SQL Server\130\Tools\Binn\;C:\Program Files\Git\cmd;C:\ProgramData\chocolatey\bin;C:\Program Files (x86)\Yarn\bin\;C:\xampp\php;C:\ProgramData\ComposerSetup\bin;C:\Program Files\TortoiseGit\bin;C:\Program Files\Amazon\AWSCLI\bin\;C:\Program Files\OpenVPN\bin;C:\Program Files\PuTTY\;C:\Program Files\Microsoft SQL Server\Client SDK\ODBC\170\Tools\Bi
USERNAME=HP
OS=Windows_NT
PROCESSOR_IDENTIFIER=Intel64 Family 6 Model 78 Stepping 3, GenuineIntel
TMP=C:\Users\HP\AppData\Local\Temp
TEMP=C:\Users\HP\AppData\Local\Temp



---------------  S Y S T E M  ---------------

OS:
 Windows 10 , 64 bit Build 19041 (10.0.19041.3155)
OS uptime: 0 days 7:22 hours

CPU: total 4 (initial active 4) (2 cores per cpu, 2 threads per core) family 6 model 78 stepping 3 microcode 0xcc, cx8, cmov, fxsr, ht, mmx, 3dnowpref, sse, sse2, sse3, ssse3, sse4.1, sse4.2, popcnt, lzcnt, tsc, tscinvbit, avx, avx2, aes, erms, clmul, bmi1, bmi2, rtm, adx, fma, vzeroupper, clflush, clflushopt

Memory: 4k page, system-wide physical 16264M (2168M free)
TotalPageFile size 16264M (AvailPageFile size 28M)
current process WorkingSet (physical memory assigned to process): 155M, peak: 159M
current process commit charge ("private bytes"): 249M, peak: 254M

vm_info: OpenJDK 64-Bit Server VM (17.0.7+7) for windows-amd64 JRE (17.0.7+7), built on Apr 18 2023 22:10:42 by "temurin" with MS VC++ 16.7 (VS2019)

END.
